<?xml version="1.0" encoding="UTF-8"?>
<testng-results skipped="0" failed="1" ignored="0" total="2" passed="1">
  <reporter-output>
  </reporter-output>
  <suite name="Default suite" duration-ms="38" started-at="2022-08-11T17:04:53 IST" finished-at="2022-08-11T17:04:53 IST">
    <groups>
    </groups>
    <test name="Default test" duration-ms="38" started-at="2022-08-11T17:04:53 IST" finished-at="2022-08-11T17:04:53 IST">
      <class name="test_RCB.TestCases">
        <test-method status="PASS" signature="testTeamHasAtleastOneWicket_keeper()[pri:0, instance:test_RCB.TestCases@3224f60b]" name="testTeamHasAtleastOneWicket_keeper" duration-ms="10" started-at="2022-08-11T17:04:53 IST" description="Write a test that validates that the there is at least one wicket keeper" finished-at="2022-08-11T17:04:53 IST">
          <reporter-output>
          </reporter-output>
        </test-method> <!-- testTeamHasAtleastOneWicket_keeper -->
        <test-method status="FAIL" signature="testTeamHasOnlyFourForeignPlayers()[pri:0, instance:test_RCB.TestCases@3224f60b]" name="testTeamHasOnlyFourForeignPlayers" duration-ms="2" started-at="2022-08-11T17:04:53 IST" description="Write a test that validates that the team has only 4 foreign players" finished-at="2022-08-11T17:04:53 IST">
          <exception class="java.lang.AssertionError">
            <message>
              <![CDATA[Team has more than four foreign players, Foreign players count: 11 expected [true] but found [false]]]>
            </message>
            <full-stacktrace>
              <![CDATA[java.lang.AssertionError: Team has more than four foreign players, Foreign players count: 11 expected [true] but found [false]
at org.testng.Assert.fail(Assert.java:99)
at org.testng.Assert.failNotEquals(Assert.java:1037)
at org.testng.Assert.assertTrue(Assert.java:45)
at test_RCB.TestCases.testTeamHasOnlyFourForeignPlayers(TestCases.java:44)
at sun.reflect.NativeMethodAccessorImpl.invoke0(Native Method)
at sun.reflect.NativeMethodAccessorImpl.invoke(NativeMethodAccessorImpl.java:62)
at sun.reflect.DelegatingMethodAccessorImpl.invoke(DelegatingMethodAccessorImpl.java:43)
at java.lang.reflect.Method.invoke(Method.java:498)
at org.testng.internal.MethodInvocationHelper.invokeMethod(MethodInvocationHelper.java:133)
at org.testng.internal.TestInvoker.invokeMethod(TestInvoker.java:598)
at org.testng.internal.TestInvoker.invokeTestMethod(TestInvoker.java:173)
at org.testng.internal.MethodRunner.runInSequence(MethodRunner.java:46)
at org.testng.internal.TestInvoker$MethodInvocationAgent.invoke(TestInvoker.java:824)
at org.testng.internal.TestInvoker.invokeTestMethods(TestInvoker.java:146)
at org.testng.internal.TestMethodWorker.invokeTestMethods(TestMethodWorker.java:146)
at org.testng.internal.TestMethodWorker.run(TestMethodWorker.java:128)
at java.util.ArrayList.forEach(ArrayList.java:1257)
at org.testng.TestRunner.privateRun(TestRunner.java:794)
at org.testng.TestRunner.run(TestRunner.java:596)
at org.testng.SuiteRunner.runTest(SuiteRunner.java:377)
at org.testng.SuiteRunner.runSequentially(SuiteRunner.java:371)
at org.testng.SuiteRunner.privateRun(SuiteRunner.java:332)
at org.testng.SuiteRunner.run(SuiteRunner.java:276)
at org.testng.SuiteRunnerWorker.runSuite(SuiteRunnerWorker.java:53)
at org.testng.SuiteRunnerWorker.run(SuiteRunnerWorker.java:96)
at org.testng.TestNG.runSuitesSequentially(TestNG.java:1212)
at org.testng.TestNG.runSuitesLocally(TestNG.java:1134)
at org.testng.TestNG.runSuites(TestNG.java:1063)
at org.testng.TestNG.run(TestNG.java:1031)
at org.testng.remote.AbstractRemoteTestNG.run(AbstractRemoteTestNG.java:115)
at org.testng.remote.RemoteTestNG.initAndRun(RemoteTestNG.java:251)
at org.testng.remote.RemoteTestNG.main(RemoteTestNG.java:77)
]]>
            </full-stacktrace>
          </exception> <!-- java.lang.AssertionError -->
          <reporter-output>
          </reporter-output>
        </test-method> <!-- testTeamHasOnlyFourForeignPlayers -->
      </class> <!-- test_RCB.TestCases -->
    </test> <!-- Default test -->
  </suite> <!-- Default suite -->
</testng-results>
